<?xml version="1.0" encoding="UTF-8"?>
<!-- Generated by org.testng.reporters.JUnitReportReporter -->
<testsuite hostname="DESKTOP-SR3L3PC" failures="0" tests="2" name="seleniumjava.OptionalParameterDemo" time="5.735" errors="0" timestamp="2023-04-25T06:02:02 GMT-07:00" skipped="0">
  <testcase classname="seleniumjava.OptionalParameterDemo" name="openOrangeHRM" time="4.945"/>
  <system-out/>
  <testcase classname="seleniumjava.OptionalParameterDemo" name="loginHRM" time="0.790"/>
  <system-out/>
</testsuite> <!-- seleniumjava.OptionalParameterDemo -->
