<?xml version="1.0" encoding="UTF-8"?>
<!-- Generated by org.testng.reporters.JUnitReportReporter -->
<testsuite hostname="DESKTOP-SR3L3PC" failures="0" tests="2" name="seleniumjava.JavaScriptExecutorDemo" time="5.039" errors="0" timestamp="2023-04-24T13:30:15 GMT-07:00" skipped="0">
  <testcase classname="seleniumjava.JavaScriptExecutorDemo" name="openApp" time="4.959"/>
  <system-out/>
  <testcase classname="seleniumjava.JavaScriptExecutorDemo" name="scroll" time="0.080"/>
  <system-out/>
</testsuite> <!-- seleniumjava.JavaScriptExecutorDemo -->
