<?xml version="1.0" encoding="UTF-8"?>
<!-- Generated by org.testng.reporters.JUnitReportReporter -->
<testsuite hostname="DESKTOP-SR3L3PC" failures="0" tests="2" name="seleniumjava.ParametersAnnotationDemo" time="1.912" errors="0" timestamp="2023-04-24T19:43:55 GMT-07:00" skipped="0">
  <testcase classname="seleniumjava.ParametersAnnotationDemo" name="enterCredentials" time="0.219"/>
  <system-out/>
  <testcase classname="seleniumjava.ParametersAnnotationDemo" name="openFb" time="1.693"/>
  <system-out/>
</testsuite> <!-- seleniumjava.ParametersAnnotationDemo -->
