<?xml version="1.0" encoding="UTF-8"?>
<!-- Generated by org.testng.reporters.JUnitReportReporter -->
<testsuite hostname="DESKTOP-SR3L3PC" failures="0" tests="3" name="seleniumjava.PageFactoryInPOMDemo" time="11.985" errors="0" timestamp="2023-05-09T15:16:15 GMT-07:00" skipped="0">
  <testcase classname="seleniumjava.PageFactoryInPOMDemo" name="openApp" time="5.827"/>
  <system-out/>
  <testcase classname="seleniumjava.PageFactoryInPOMDemo" name="login" time="1.047"/>
  <system-out/>
  <testcase classname="seleniumjava.PageFactoryInPOMDemo" name="logout" time="5.111"/>
  <system-out/>
</testsuite> <!-- seleniumjava.PageFactoryInPOMDemo -->
