<?xml version="1.0" encoding="UTF-8"?>
<!-- Generated by org.testng.reporters.JUnitReportReporter -->
<testsuite hostname="DESKTOP-SR3L3PC" failures="0" tests="2" name="seleniumjava.TakeScreenShot" time="13.538" errors="0" timestamp="2023-04-14T18:38:09 GMT-07:00" skipped="0">
  <testcase classname="seleniumjava.TakeScreenShot" name="openApp" time="13.163"/>
  <system-out/>
  <testcase classname="seleniumjava.TakeScreenShot" name="screenshot" time="0.375"/>
  <system-out/>
</testsuite> <!-- seleniumjava.TakeScreenShot -->
