<?xml version="1.0" encoding="UTF-8"?>
<!-- Generated by org.testng.reporters.JUnitReportReporter -->
<testsuite hostname="DESKTOP-SR3L3PC" failures="0" tests="2" name="seleniumjava.DynamicWebTableDemo" time="3.027" errors="0" timestamp="2023-04-27T11:32:16 GMT-07:00" skipped="0">
  <testcase classname="seleniumjava.DynamicWebTableDemo" name="openApp" time="0.856"/>
  <system-out/>
  <testcase classname="seleniumjava.DynamicWebTableDemo" name="getDataFromDynamicWebTable" time="2.171"/>
  <system-out/>
</testsuite> <!-- seleniumjava.DynamicWebTableDemo -->
