<?xml version="1.0" encoding="UTF-8"?>
<!-- Generated by org.testng.reporters.JUnitReportReporter -->
<testsuite hostname="DESKTOP-SR3L3PC" failures="0" tests="1" name="NewTest" time="0.015" errors="0" timestamp="2023-04-13T18:12:18 GMT-07:00" skipped="0">
  <testcase classname="NewTest" name="m1" time="0.015"/>
  <system-out/>
</testsuite> <!-- NewTest -->
