<?xml version="1.0" encoding="UTF-8"?>
<!-- Generated by org.testng.reporters.JUnitReportReporter -->
<testsuite hostname="DESKTOP-SR3L3PC" failures="0" tests="1" name="seleniumjava.ExplicitWaitDemo" time="28.843" errors="0" timestamp="2023-04-21T16:45:15 GMT-07:00" skipped="0">
  <testcase classname="seleniumjava.ExplicitWaitDemo" name="explicitwaitDemo" time="28.843"/>
  <system-out/>
</testsuite> <!-- seleniumjava.ExplicitWaitDemo -->
