<?xml version="1.0" encoding="UTF-8"?>
<!-- Generated by org.testng.reporters.JUnitReportReporter -->
<testsuite hostname="DESKTOP-SR3L3PC" failures="0" tests="3" name="seleniumjava.CheckSortWebTableButtonIsFunctioning" time="2.719" errors="0" timestamp="2023-05-01T10:24:48 GMT-07:00" skipped="0">
  <testcase classname="seleniumjava.CheckSortWebTableButtonIsFunctioning" name="openApp" time="1.564"/>
  <system-out/>
  <testcase classname="seleniumjava.CheckSortWebTableButtonIsFunctioning" name="checkSortingButtonisFunctioningProperly" time="0.702"/>
  <system-out/>
  <testcase classname="seleniumjava.CheckSortWebTableButtonIsFunctioning" name="closeBrowser" time="0.453"/>
  <system-out/>
</testsuite> <!-- seleniumjava.CheckSortWebTableButtonIsFunctioning -->
