<?xml version="1.0" encoding="UTF-8"?>
<!-- Generated by org.testng.reporters.JUnitReportReporter -->
<testsuite hostname="DESKTOP-SR3L3PC" failures="0" tests="8" name="seleniumjava.KeyBoardOperations" time="6.211" errors="0" timestamp="2023-04-13T07:08:31 GMT-07:00" skipped="0">
  <testcase classname="seleniumjava.KeyBoardOperations" name="write" time="0.184"/>
  <system-out/>
  <testcase classname="seleniumjava.KeyBoardOperations" name="MoveToNextField" time="0.003"/>
  <system-out/>
  <testcase classname="seleniumjava.KeyBoardOperations" name="enterPhoneNumber" time="0.003"/>
  <system-out/>
  <testcase classname="seleniumjava.KeyBoardOperations" name="selectText" time="0.060"/>
  <system-out/>
  <testcase classname="seleniumjava.KeyBoardOperations" name="openApp" time="5.885"/>
  <system-out/>
  <testcase classname="seleniumjava.KeyBoardOperations" name="copyText" time="0.021"/>
  <system-out/>
  <testcase classname="seleniumjava.KeyBoardOperations" name="copyTheText" time="0.052"/>
  <system-out/>
  <testcase classname="seleniumjava.KeyBoardOperations" name="tab" time="0.003"/>
  <system-out/>
</testsuite> <!-- seleniumjava.KeyBoardOperations -->
