<?xml version="1.0" encoding="UTF-8"?>
<!-- Generated by org.testng.reporters.JUnitReportReporter -->
<testsuite hostname="DESKTOP-SR3L3PC" failures="0" tests="4" name="seleniumjava.AlertsHandling" time="21.891" errors="0" timestamp="2023-04-15T05:33:36 GMT-07:00" skipped="0">
  <testcase classname="seleniumjava.AlertsHandling" name="navigateToAlerts" time="7.226"/>
  <system-out/>
  <testcase classname="seleniumjava.AlertsHandling" name="handleAlert" time="0.102"/>
  <system-out/>
  <testcase classname="seleniumjava.AlertsHandling" name="handleCOnfirmBox" time="6.242"/>
  <system-out/>
  <testcase classname="seleniumjava.AlertsHandling" name="handlePromptBox" time="8.321"/>
  <system-out/>
</testsuite> <!-- seleniumjava.AlertsHandling -->
