<?xml version="1.0" encoding="UTF-8"?>
<!-- Generated by org.testng.reporters.JUnitReportReporter -->
<testsuite hostname="DESKTOP-SR3L3PC" failures="0" tests="2" name="testng.xml.class3" time="0.010" errors="0" timestamp="2023-04-23T04:43:57 GMT-07:00" skipped="0">
  <testcase classname="testng.xml.class3" name="test1" time="0.007"/>
  <system-out/>
  <testcase classname="testng.xml.class3" name="test2" time="0.003"/>
  <system-out/>
</testsuite> <!-- testng.xml.class3 -->
