<?xml version="1.0" encoding="UTF-8"?>
<!-- Generated by org.testng.reporters.JUnitReportReporter -->
<testsuite hostname="DESKTOP-SR3L3PC" failures="0" tests="1" name="seleniumjava.Annotations" time="11.598" errors="0" timestamp="2023-04-12T18:30:41 GMT-07:00" skipped="0">
  <testcase classname="seleniumjava.Annotations" name="login" time="11.598"/>
  <system-out/>
</testsuite> <!-- seleniumjava.Annotations -->
