<?xml version="1.0" encoding="UTF-8"?>
<!-- Generated by org.testng.reporters.JUnitReportReporter -->
<testsuite hostname="DESKTOP-SR3L3PC" failures="0" tests="1" name="seleniumjava.Selenium1" time="6.486" errors="0" timestamp="2023-04-12T18:50:31 GMT-07:00" skipped="0">
  <testcase classname="seleniumjava.Selenium1" name="m1" time="6.486"/>
  <system-out/>
</testsuite> <!-- seleniumjava.Selenium1 -->
