<?xml version="1.0" encoding="UTF-8"?>
<!-- Generated by org.testng.reporters.JUnitReportReporter -->
<testsuite hostname="DESKTOP-SR3L3PC" failures="0" tests="3" name="seleniumjava.TakesScreenShotsInDifferentFormats" time="0.492" errors="0" timestamp="2023-04-14T18:52:21 GMT-07:00" skipped="0">
  <testcase classname="seleniumjava.TakesScreenShotsInDifferentFormats" name="byteArrayFormat" time="0.132"/>
  <system-out/>
  <testcase classname="seleniumjava.TakesScreenShotsInDifferentFormats" name="fileFormat" time="0.152"/>
  <system-out/>
  <testcase classname="seleniumjava.TakesScreenShotsInDifferentFormats" name="base64Format" time="0.208"/>
  <system-out/>
</testsuite> <!-- seleniumjava.TakesScreenShotsInDifferentFormats -->
