<?xml version="1.0" encoding="UTF-8"?>
<!-- Generated by org.testng.reporters.JUnitReportReporter -->
<testsuite hostname="DESKTOP-SR3L3PC" failures="0" tests="4" name="seleniumjava.Alert" time="6.614" errors="0" timestamp="2023-04-13T10:42:15 GMT-07:00" skipped="0">
  <testcase classname="seleniumjava.Alert" name="submit" time="5.177"/>
  <system-out/>
  <testcase classname="seleniumjava.Alert" name="openApp" time="1.122"/>
  <system-out/>
  <testcase classname="seleniumjava.Alert" name="enterDetails" time="0.279"/>
  <system-out/>
  <testcase classname="seleniumjava.Alert" name="handleAlert" time="0.036"/>
  <system-out/>
</testsuite> <!-- seleniumjava.Alert -->
