<?xml version="1.0" encoding="UTF-8"?>
<!-- Generated by org.testng.reporters.JUnitReportReporter -->
<testsuite hostname="DESKTOP-SR3L3PC" failures="0" tests="5" name="seleniumjava.MouseActions" time="42.104" errors="0" timestamp="2023-04-16T12:34:18 GMT-07:00" skipped="0">
  <testcase classname="seleniumjava.MouseActions" name="dragAndDrop" time="7.205"/>
  <system-out/>
  <testcase classname="seleniumjava.MouseActions" name="doubleClick" time="4.312"/>
  <system-out/>
  <testcase classname="seleniumjava.MouseActions" name="slider" time="3.186"/>
  <system-out/>
  <testcase classname="seleniumjava.MouseActions" name="contextClick" time="26.709"/>
  <system-out/>
  <testcase classname="seleniumjava.MouseActions" name="click" time="0.692"/>
  <system-out/>
</testsuite> <!-- seleniumjava.MouseActions -->
