<?xml version="1.0" encoding="UTF-8"?>
<!-- Generated by org.testng.reporters.JUnitReportReporter -->
<testsuite hostname="DESKTOP-SR3L3PC" failures="0" tests="2" name="seleniumjava.GetPageSourceDemo" time="1.875" errors="0" timestamp="2023-05-12T10:31:46 GMT-07:00" skipped="0">
  <testcase classname="seleniumjava.GetPageSourceDemo" name="openApp" time="1.785"/>
  <system-out/>
  <testcase classname="seleniumjava.GetPageSourceDemo" name="getPageSource" time="0.090"/>
  <system-out/>
</testsuite> <!-- seleniumjava.GetPageSourceDemo -->
