<?xml version="1.0" encoding="UTF-8"?>
<!-- Generated by org.testng.reporters.JUnitReportReporter -->
<testsuite hostname="DESKTOP-SR3L3PC" failures="0" tests="10" name="seleniumjava.Uday" time="6.667" errors="0" timestamp="2023-04-14T05:07:35 GMT-07:00" skipped="0">
  <testcase classname="seleniumjava.Uday" name="copyText1" time="0.022"/>
  <system-out/>
  <testcase classname="seleniumjava.Uday" name="copyText" time="0.028"/>
  <system-out/>
  <testcase classname="seleniumjava.Uday" name="enterPhoneNumber" time="0.119"/>
  <system-out/>
  <testcase classname="seleniumjava.Uday" name="pasteTheText" time="0.036"/>
  <system-out/>
  <testcase classname="seleniumjava.Uday" name="moveToNextField" time="0.077"/>
  <system-out/>
  <testcase classname="seleniumjava.Uday" name="tab" time="0.027"/>
  <system-out/>
  <testcase classname="seleniumjava.Uday" name="openApp" time="6.095"/>
  <system-out/>
  <testcase classname="seleniumjava.Uday" name="selectText1" time="0.024"/>
  <system-out/>
  <testcase classname="seleniumjava.Uday" name="selectText" time="0.084"/>
  <system-out/>
  <testcase classname="seleniumjava.Uday" name="write" time="0.155"/>
  <system-out/>
</testsuite> <!-- seleniumjava.Uday -->
