<?xml version="1.0" encoding="UTF-8"?>
<!-- Generated by org.testng.reporters.JUnitReportReporter -->
<testsuite hostname="DESKTOP-SR3L3PC" failures="0" tests="1" name="seleniumjava.WriteDataToExcelFile" time="0.394" errors="0" timestamp="2023-05-04T10:12:38 GMT-07:00" skipped="0">
  <testcase classname="seleniumjava.WriteDataToExcelFile" name="writeDataToExcel" time="0.394"/>
  <system-out/>
</testsuite> <!-- seleniumjava.WriteDataToExcelFile -->
