<?xml version="1.0" encoding="UTF-8"?>
<!-- Generated by org.testng.reporters.JUnitReportReporter -->
<testsuite hostname="DESKTOP-SR3L3PC" failures="0" tests="6" name="seleniumjava.DropDowns" time="18.797" errors="0" timestamp="2023-04-17T21:56:36 GMT-07:00" skipped="0">
  <testcase classname="seleniumjava.DropDowns" name="from" time="2.532"/>
  <system-out/>
  <testcase classname="seleniumjava.DropDowns" name="to" time="2.558"/>
  <system-out/>
  <testcase classname="seleniumjava.DropDowns" name="submit" time="0.234"/>
  <system-out/>
  <testcase classname="seleniumjava.DropDowns" name="classes" time="2.269"/>
  <system-out/>
  <testcase classname="seleniumjava.DropDowns" name="openApp" time="6.790"/>
  <system-out/>
  <testcase classname="seleniumjava.DropDowns" name="general" time="4.414"/>
  <system-out/>
</testsuite> <!-- seleniumjava.DropDowns -->
