<?xml version="1.0" encoding="UTF-8"?>
<!-- Generated by org.testng.reporters.JUnitReportReporter -->
<testsuite hostname="DESKTOP-SR3L3PC" failures="0" tests="4" name="seleniumjava.ThreadPoolSize" time="2.476" errors="0" timestamp="2023-04-18T11:59:56 GMT-07:00" skipped="0">
  <testcase classname="seleniumjava.ThreadPoolSize" name="openApp" time="1.946"/>
  <system-out/>
  <testcase classname="seleniumjava.ThreadPoolSize" name="enterDetails" time="0.202"/>
  <system-out/>
  <testcase classname="seleniumjava.ThreadPoolSize" name="enterDetails" time="0.253"/>
  <system-out/>
  <testcase classname="seleniumjava.ThreadPoolSize" name="login" time="0.075"/>
  <system-out/>
</testsuite> <!-- seleniumjava.ThreadPoolSize -->
