<?xml version="1.0" encoding="UTF-8"?>
<!-- Generated by org.testng.reporters.JUnitReportReporter -->
<testsuite hostname="DESKTOP-SR3L3PC" failures="0" tests="4" name="seleniumjava.GetWebTableData" time="11.722" errors="0" timestamp="2023-04-25T12:56:24 GMT-07:00" skipped="0">
  <testcase classname="seleniumjava.GetWebTableData" name="countOfTables" time="0.068"/>
  <system-out/>
  <testcase classname="seleniumjava.GetWebTableData" name="countOfRows" time="0.081"/>
  <system-out/>
  <testcase classname="seleniumjava.GetWebTableData" name="countOfCellsInTable" time="0.142"/>
  <system-out/>
  <testcase classname="seleniumjava.GetWebTableData" name="printTimeOfCities" time="11.431"/>
  <system-out/>
</testsuite> <!-- seleniumjava.GetWebTableData -->
