<?xml version="1.0" encoding="UTF-8"?>
<!-- Generated by org.testng.reporters.JUnitReportReporter -->
<testsuite hostname="DESKTOP-SR3L3PC" failures="0" tests="1" name="seleniumjava.Practice" time="0.009" errors="0" timestamp="2023-04-25T07:23:34 GMT-07:00" skipped="0">
  <testcase classname="seleniumjava.Practice" name="signOut" time="0.009"/>
  <system-out/>
</testsuite> <!-- seleniumjava.Practice -->
